2023/09/11 08:05:20 [warn] 1#1: conflicting server name "" on 0.0.0.0:80, ignored
2023/09/11 08:05:20 [notice] 1#1: using the "epoll" event method
2023/09/11 08:05:20 [notice] 1#1: nginx/1.25.2
2023/09/11 08:05:20 [notice] 1#1: built by gcc 12.2.1 20220924 (Alpine 12.2.1_git20220924-r10) 
2023/09/11 08:05:20 [notice] 1#1: OS: Linux 6.2.0-32-generic
2023/09/11 08:05:20 [notice] 1#1: getrlimit(RLIMIT_NOFILE): 1048576:1048576
2023/09/11 08:05:20 [notice] 1#1: start worker processes
2023/09/11 08:05:20 [notice] 1#1: start worker process 29
2023/09/11 08:05:20 [notice] 1#1: start worker process 30
2023/09/11 08:05:20 [notice] 1#1: start worker process 31
2023/09/11 08:05:20 [notice] 1#1: start worker process 32
2023/09/11 08:05:20 [notice] 1#1: start worker process 33
2023/09/11 08:05:20 [notice] 1#1: start worker process 34
2023/09/11 08:05:20 [notice] 1#1: start worker process 35
2023/09/11 08:05:20 [notice] 1#1: start worker process 36
2023/09/11 08:06:40 [notice] 1#1: signal 3 (SIGQUIT) received, shutting down
2023/09/11 08:06:40 [notice] 30#30: gracefully shutting down
2023/09/11 08:06:40 [notice] 32#32: gracefully shutting down
2023/09/11 08:06:40 [notice] 31#31: gracefully shutting down
2023/09/11 08:06:40 [notice] 34#34: gracefully shutting down
2023/09/11 08:06:40 [notice] 29#29: gracefully shutting down
2023/09/11 08:06:40 [notice] 33#33: gracefully shutting down
2023/09/11 08:06:40 [notice] 35#35: gracefully shutting down
2023/09/11 08:06:40 [notice] 36#36: gracefully shutting down
2023/09/11 08:06:40 [notice] 30#30: exiting
2023/09/11 08:06:40 [notice] 36#36: exiting
2023/09/11 08:06:40 [notice] 34#34: exiting
2023/09/11 08:06:40 [notice] 32#32: exiting
2023/09/11 08:06:40 [notice] 29#29: exiting
2023/09/11 08:06:40 [notice] 35#35: exiting
2023/09/11 08:06:40 [notice] 33#33: exiting
2023/09/11 08:06:40 [notice] 31#31: exiting
2023/09/11 08:06:40 [notice] 29#29: exit
2023/09/11 08:06:40 [notice] 30#30: exit
2023/09/11 08:06:40 [notice] 35#35: exit
2023/09/11 08:06:40 [notice] 36#36: exit
2023/09/11 08:06:40 [notice] 32#32: exit
2023/09/11 08:06:40 [notice] 34#34: exit
2023/09/11 08:06:40 [notice] 31#31: exit
2023/09/11 08:06:40 [notice] 33#33: exit
2023/09/11 08:06:40 [notice] 1#1: signal 17 (SIGCHLD) received from 31
2023/09/11 08:06:40 [notice] 1#1: worker process 31 exited with code 0
2023/09/11 08:06:40 [notice] 1#1: worker process 34 exited with code 0
2023/09/11 08:06:40 [notice] 1#1: signal 29 (SIGIO) received
2023/09/11 08:06:40 [notice] 1#1: signal 17 (SIGCHLD) received from 32
2023/09/11 08:06:40 [notice] 1#1: worker process 32 exited with code 0
2023/09/11 08:06:40 [notice] 1#1: worker process 33 exited with code 0
2023/09/11 08:06:40 [notice] 1#1: worker process 36 exited with code 0
2023/09/11 08:06:40 [notice] 1#1: signal 29 (SIGIO) received
2023/09/11 08:06:40 [notice] 1#1: signal 17 (SIGCHLD) received from 29
2023/09/11 08:06:40 [notice] 1#1: worker process 29 exited with code 0
2023/09/11 08:06:40 [notice] 1#1: signal 29 (SIGIO) received
2023/09/11 08:06:40 [notice] 1#1: signal 17 (SIGCHLD) received from 30
2023/09/11 08:06:40 [notice] 1#1: worker process 30 exited with code 0
2023/09/11 08:06:40 [notice] 1#1: signal 29 (SIGIO) received
2023/09/11 08:06:40 [notice] 1#1: signal 17 (SIGCHLD) received from 35
2023/09/11 08:06:40 [notice] 1#1: worker process 35 exited with code 0
2023/09/11 08:06:40 [notice] 1#1: exit
2023/09/11 08:09:32 [warn] 1#1: conflicting server name "" on 0.0.0.0:80, ignored
2023/09/11 08:09:32 [notice] 1#1: using the "epoll" event method
2023/09/11 08:09:32 [notice] 1#1: nginx/1.25.2
2023/09/11 08:09:32 [notice] 1#1: built by gcc 12.2.1 20220924 (Alpine 12.2.1_git20220924-r10) 
2023/09/11 08:09:32 [notice] 1#1: OS: Linux 6.2.0-32-generic
2023/09/11 08:09:32 [notice] 1#1: getrlimit(RLIMIT_NOFILE): 1048576:1048576
2023/09/11 08:09:32 [notice] 1#1: start worker processes
2023/09/11 08:09:32 [notice] 1#1: start worker process 29
2023/09/11 08:09:32 [notice] 1#1: start worker process 30
2023/09/11 08:09:32 [notice] 1#1: start worker process 31
2023/09/11 08:09:32 [notice] 1#1: start worker process 32
2023/09/11 08:09:32 [notice] 1#1: start worker process 33
2023/09/11 08:09:32 [notice] 1#1: start worker process 34
2023/09/11 08:09:32 [notice] 1#1: start worker process 35
2023/09/11 08:09:32 [notice] 1#1: start worker process 36
2023/09/11 08:12:50 [notice] 1#1: signal 3 (SIGQUIT) received, shutting down
2023/09/11 08:12:50 [notice] 29#29: gracefully shutting down
2023/09/11 08:12:50 [notice] 29#29: exiting
2023/09/11 08:12:50 [notice] 33#33: gracefully shutting down
2023/09/11 08:12:50 [notice] 30#30: gracefully shutting down
2023/09/11 08:12:50 [notice] 33#33: exiting
2023/09/11 08:12:50 [notice] 30#30: exiting
2023/09/11 08:12:50 [notice] 31#31: gracefully shutting down
2023/09/11 08:12:50 [notice] 31#31: exiting
2023/09/11 08:12:50 [notice] 30#30: exit
2023/09/11 08:12:50 [notice] 33#33: exit
2023/09/11 08:12:50 [notice] 29#29: exit
2023/09/11 08:12:50 [notice] 34#34: gracefully shutting down
2023/09/11 08:12:50 [notice] 35#35: gracefully shutting down
2023/09/11 08:12:50 [notice] 34#34: exiting
2023/09/11 08:12:50 [notice] 35#35: exiting
2023/09/11 08:12:50 [notice] 31#31: exit
2023/09/11 08:12:50 [notice] 36#36: gracefully shutting down
2023/09/11 08:12:50 [notice] 32#32: gracefully shutting down
2023/09/11 08:12:50 [notice] 36#36: exiting
2023/09/11 08:12:50 [notice] 35#35: exit
2023/09/11 08:12:50 [notice] 32#32: exiting
2023/09/11 08:12:50 [notice] 34#34: exit
2023/09/11 08:12:50 [notice] 36#36: exit
2023/09/11 08:12:50 [notice] 32#32: exit
2023/09/11 08:12:50 [notice] 1#1: signal 17 (SIGCHLD) received from 31
2023/09/11 08:12:50 [notice] 1#1: worker process 31 exited with code 0
2023/09/11 08:12:50 [notice] 1#1: signal 29 (SIGIO) received
2023/09/11 08:12:50 [notice] 1#1: signal 17 (SIGCHLD) received from 29
2023/09/11 08:12:50 [notice] 1#1: worker process 29 exited with code 0
2023/09/11 08:12:50 [notice] 1#1: worker process 33 exited with code 0
2023/09/11 08:12:50 [notice] 1#1: worker process 35 exited with code 0
2023/09/11 08:12:50 [notice] 1#1: signal 29 (SIGIO) received
2023/09/11 08:12:50 [notice] 1#1: signal 17 (SIGCHLD) received from 35
2023/09/11 08:12:50 [notice] 1#1: signal 17 (SIGCHLD) received from 36
2023/09/11 08:12:50 [notice] 1#1: worker process 32 exited with code 0
2023/09/11 08:12:50 [notice] 1#1: worker process 30 exited with code 0
2023/09/11 08:12:50 [notice] 1#1: worker process 34 exited with code 0
2023/09/11 08:12:50 [notice] 1#1: worker process 36 exited with code 0
2023/09/11 08:12:50 [notice] 1#1: exit
2023/09/11 08:12:57 [warn] 1#1: conflicting server name "" on 0.0.0.0:80, ignored
2023/09/11 08:12:57 [notice] 1#1: using the "epoll" event method
2023/09/11 08:12:57 [notice] 1#1: nginx/1.25.2
2023/09/11 08:12:57 [notice] 1#1: built by gcc 12.2.1 20220924 (Alpine 12.2.1_git20220924-r10) 
2023/09/11 08:12:57 [notice] 1#1: OS: Linux 6.2.0-32-generic
2023/09/11 08:12:57 [notice] 1#1: getrlimit(RLIMIT_NOFILE): 1048576:1048576
2023/09/11 08:12:57 [notice] 1#1: start worker processes
2023/09/11 08:12:57 [notice] 1#1: start worker process 29
2023/09/11 08:12:57 [notice] 1#1: start worker process 30
2023/09/11 08:12:57 [notice] 1#1: start worker process 31
2023/09/11 08:12:57 [notice] 1#1: start worker process 32
2023/09/11 08:12:57 [notice] 1#1: start worker process 33
2023/09/11 08:12:57 [notice] 1#1: start worker process 34
2023/09/11 08:12:57 [notice] 1#1: start worker process 35
2023/09/11 08:12:57 [notice] 1#1: start worker process 36
2023/09/11 08:14:20 [notice] 1#1: signal 3 (SIGQUIT) received, shutting down
2023/09/11 08:14:20 [notice] 29#29: gracefully shutting down
2023/09/11 08:14:20 [notice] 31#31: gracefully shutting down
2023/09/11 08:14:20 [notice] 30#30: gracefully shutting down
2023/09/11 08:14:20 [notice] 32#32: gracefully shutting down
2023/09/11 08:14:20 [notice] 34#34: gracefully shutting down
2023/09/11 08:14:20 [notice] 33#33: gracefully shutting down
2023/09/11 08:14:20 [notice] 35#35: gracefully shutting down
2023/09/11 08:14:20 [notice] 36#36: gracefully shutting down
2023/09/11 08:14:20 [notice] 35#35: exiting
2023/09/11 08:14:20 [notice] 29#29: exiting
2023/09/11 08:14:20 [notice] 36#36: exiting
2023/09/11 08:14:20 [notice] 30#30: exiting
2023/09/11 08:14:20 [notice] 31#31: exiting
2023/09/11 08:14:20 [notice] 33#33: exiting
2023/09/11 08:14:20 [notice] 32#32: exiting
2023/09/11 08:14:20 [notice] 34#34: exiting
2023/09/11 08:14:20 [notice] 31#31: exit
2023/09/11 08:14:20 [notice] 33#33: exit
2023/09/11 08:14:20 [notice] 30#30: exit
2023/09/11 08:14:20 [notice] 32#32: exit
2023/09/11 08:14:20 [notice] 29#29: exit
2023/09/11 08:14:20 [notice] 35#35: exit
2023/09/11 08:14:20 [notice] 34#34: exit
2023/09/11 08:14:20 [notice] 36#36: exit
2023/09/11 08:14:20 [notice] 1#1: signal 17 (SIGCHLD) received from 33
2023/09/11 08:14:20 [notice] 1#1: worker process 33 exited with code 0
2023/09/11 08:14:20 [notice] 1#1: signal 29 (SIGIO) received
2023/09/11 08:14:20 [notice] 1#1: signal 17 (SIGCHLD) received from 35
2023/09/11 08:14:20 [notice] 1#1: worker process 35 exited with code 0
2023/09/11 08:14:20 [notice] 1#1: signal 29 (SIGIO) received
2023/09/11 08:14:20 [notice] 1#1: signal 17 (SIGCHLD) received from 30
2023/09/11 08:14:20 [notice] 1#1: worker process 30 exited with code 0
2023/09/11 08:14:20 [notice] 1#1: worker process 31 exited with code 0
2023/09/11 08:14:20 [notice] 1#1: signal 29 (SIGIO) received
2023/09/11 08:14:20 [notice] 1#1: signal 17 (SIGCHLD) received from 31
2023/09/11 08:14:20 [notice] 1#1: signal 17 (SIGCHLD) received from 29
2023/09/11 08:14:20 [notice] 1#1: worker process 29 exited with code 0
2023/09/11 08:14:20 [notice] 1#1: signal 29 (SIGIO) received
2023/09/11 08:14:20 [notice] 1#1: signal 17 (SIGCHLD) received from 34
2023/09/11 08:14:20 [notice] 1#1: worker process 34 exited with code 0
2023/09/11 08:14:20 [notice] 1#1: signal 29 (SIGIO) received
2023/09/11 08:14:20 [notice] 1#1: signal 17 (SIGCHLD) received from 36
2023/09/11 08:14:20 [notice] 1#1: worker process 36 exited with code 0
2023/09/11 08:14:20 [notice] 1#1: signal 29 (SIGIO) received
2023/09/11 08:14:20 [notice] 1#1: signal 17 (SIGCHLD) received from 32
2023/09/11 08:14:20 [notice] 1#1: worker process 32 exited with code 0
2023/09/11 08:14:20 [notice] 1#1: exit
2023/09/11 08:14:29 [warn] 1#1: conflicting server name "" on 0.0.0.0:80, ignored
2023/09/11 08:14:29 [notice] 1#1: using the "epoll" event method
2023/09/11 08:14:29 [notice] 1#1: nginx/1.25.2
2023/09/11 08:14:29 [notice] 1#1: built by gcc 12.2.1 20220924 (Alpine 12.2.1_git20220924-r10) 
2023/09/11 08:14:29 [notice] 1#1: OS: Linux 6.2.0-32-generic
2023/09/11 08:14:29 [notice] 1#1: getrlimit(RLIMIT_NOFILE): 1048576:1048576
2023/09/11 08:14:29 [notice] 1#1: start worker processes
2023/09/11 08:14:29 [notice] 1#1: start worker process 29
2023/09/11 08:14:29 [notice] 1#1: start worker process 30
2023/09/11 08:14:29 [notice] 1#1: start worker process 31
2023/09/11 08:14:29 [notice] 1#1: start worker process 32
2023/09/11 08:14:29 [notice] 1#1: start worker process 33
2023/09/11 08:14:29 [notice] 1#1: start worker process 34
2023/09/11 08:14:29 [notice] 1#1: start worker process 35
2023/09/11 08:14:29 [notice] 1#1: start worker process 36
2023/09/11 08:19:55 [notice] 1#1: signal 3 (SIGQUIT) received, shutting down
2023/09/11 08:19:55 [notice] 29#29: gracefully shutting down
2023/09/11 08:19:55 [notice] 30#30: gracefully shutting down
2023/09/11 08:19:55 [notice] 33#33: gracefully shutting down
2023/09/11 08:19:55 [notice] 29#29: exiting
2023/09/11 08:19:55 [notice] 32#32: gracefully shutting down
2023/09/11 08:19:55 [notice] 33#33: exiting
2023/09/11 08:19:55 [notice] 35#35: gracefully shutting down
2023/09/11 08:19:55 [notice] 32#32: exiting
2023/09/11 08:19:55 [notice] 35#35: exiting
2023/09/11 08:19:55 [notice] 30#30: exiting
2023/09/11 08:19:55 [notice] 33#33: exit
2023/09/11 08:19:55 [notice] 32#32: exit
2023/09/11 08:19:55 [notice] 30#30: exit
2023/09/11 08:19:55 [notice] 29#29: exit
2023/09/11 08:19:55 [notice] 35#35: exit
2023/09/11 08:19:55 [notice] 34#34: gracefully shutting down
2023/09/11 08:19:55 [notice] 34#34: exiting
2023/09/11 08:19:55 [notice] 31#31: gracefully shutting down
2023/09/11 08:19:55 [notice] 31#31: exiting
2023/09/11 08:19:55 [notice] 34#34: exit
2023/09/11 08:19:55 [notice] 31#31: exit
2023/09/11 08:19:55 [notice] 36#36: gracefully shutting down
2023/09/11 08:19:55 [notice] 36#36: exiting
2023/09/11 08:19:55 [notice] 36#36: exit
2023/09/11 08:19:55 [notice] 1#1: signal 17 (SIGCHLD) received from 30
2023/09/11 08:19:55 [notice] 1#1: worker process 30 exited with code 0
2023/09/11 08:19:55 [notice] 1#1: worker process 33 exited with code 0
2023/09/11 08:19:55 [notice] 1#1: signal 29 (SIGIO) received
2023/09/11 08:19:55 [notice] 1#1: signal 17 (SIGCHLD) received from 33
2023/09/11 08:19:55 [notice] 1#1: signal 17 (SIGCHLD) received from 31
2023/09/11 08:19:55 [notice] 1#1: worker process 31 exited with code 0
2023/09/11 08:19:55 [notice] 1#1: worker process 34 exited with code 0
2023/09/11 08:19:55 [notice] 1#1: worker process 35 exited with code 0
2023/09/11 08:19:55 [notice] 1#1: worker process 36 exited with code 0
2023/09/11 08:19:55 [notice] 1#1: signal 29 (SIGIO) received
2023/09/11 08:19:55 [notice] 1#1: signal 17 (SIGCHLD) received from 34
2023/09/11 08:19:55 [notice] 1#1: signal 17 (SIGCHLD) received from 29
2023/09/11 08:19:55 [notice] 1#1: worker process 29 exited with code 0
2023/09/11 08:19:55 [notice] 1#1: signal 29 (SIGIO) received
2023/09/11 08:19:55 [notice] 1#1: signal 17 (SIGCHLD) received from 32
2023/09/11 08:19:55 [notice] 1#1: worker process 32 exited with code 0
2023/09/11 08:19:55 [notice] 1#1: exit
2023/09/11 08:21:12 [warn] 1#1: conflicting server name "" on 0.0.0.0:80, ignored
2023/09/11 08:21:12 [notice] 1#1: using the "epoll" event method
2023/09/11 08:21:12 [notice] 1#1: nginx/1.25.2
2023/09/11 08:21:12 [notice] 1#1: built by gcc 12.2.1 20220924 (Alpine 12.2.1_git20220924-r10) 
2023/09/11 08:21:12 [notice] 1#1: OS: Linux 6.2.0-32-generic
2023/09/11 08:21:12 [notice] 1#1: getrlimit(RLIMIT_NOFILE): 1048576:1048576
2023/09/11 08:21:12 [notice] 1#1: start worker processes
2023/09/11 08:21:12 [notice] 1#1: start worker process 29
2023/09/11 08:21:12 [notice] 1#1: start worker process 30
2023/09/11 08:21:12 [notice] 1#1: start worker process 31
2023/09/11 08:21:12 [notice] 1#1: start worker process 32
2023/09/11 08:21:12 [notice] 1#1: start worker process 33
2023/09/11 08:21:12 [notice] 1#1: start worker process 34
2023/09/11 08:21:12 [notice] 1#1: start worker process 35
2023/09/11 08:21:12 [notice] 1#1: start worker process 36
2023/09/11 08:25:01 [notice] 1#1: signal 3 (SIGQUIT) received, shutting down
2023/09/11 08:25:01 [notice] 30#30: gracefully shutting down
2023/09/11 08:25:01 [notice] 30#30: exiting
2023/09/11 08:25:01 [notice] 30#30: exit
2023/09/11 08:25:01 [notice] 31#31: gracefully shutting down
2023/09/11 08:25:01 [notice] 34#34: gracefully shutting down
2023/09/11 08:25:01 [notice] 31#31: exiting
2023/09/11 08:25:01 [notice] 34#34: exiting
2023/09/11 08:25:01 [notice] 31#31: exit
2023/09/11 08:25:01 [notice] 34#34: exit
2023/09/11 08:25:01 [notice] 33#33: gracefully shutting down
2023/09/11 08:25:01 [notice] 33#33: exiting
2023/09/11 08:25:01 [notice] 29#29: gracefully shutting down
2023/09/11 08:25:01 [notice] 29#29: exiting
2023/09/11 08:25:01 [notice] 33#33: exit
2023/09/11 08:25:01 [notice] 29#29: exit
2023/09/11 08:25:01 [notice] 32#32: gracefully shutting down
2023/09/11 08:25:01 [notice] 32#32: exiting
2023/09/11 08:25:01 [notice] 32#32: exit
2023/09/11 08:25:01 [notice] 36#36: gracefully shutting down
2023/09/11 08:25:01 [notice] 36#36: exiting
2023/09/11 08:25:01 [notice] 35#35: gracefully shutting down
2023/09/11 08:25:01 [notice] 36#36: exit
2023/09/11 08:25:01 [notice] 35#35: exiting
2023/09/11 08:25:01 [notice] 35#35: exit
2023/09/11 08:25:01 [notice] 1#1: signal 17 (SIGCHLD) received from 31
2023/09/11 08:25:01 [notice] 1#1: worker process 31 exited with code 0
2023/09/11 08:25:01 [notice] 1#1: signal 29 (SIGIO) received
2023/09/11 08:25:01 [notice] 1#1: signal 17 (SIGCHLD) received from 33
2023/09/11 08:25:01 [notice] 1#1: worker process 33 exited with code 0
2023/09/11 08:25:01 [notice] 1#1: signal 29 (SIGIO) received
2023/09/11 08:25:01 [notice] 1#1: signal 17 (SIGCHLD) received from 29
2023/09/11 08:25:01 [notice] 1#1: worker process 29 exited with code 0
2023/09/11 08:25:01 [notice] 1#1: worker process 32 exited with code 0
2023/09/11 08:25:01 [notice] 1#1: signal 17 (SIGCHLD) received from 30
2023/09/11 08:25:01 [notice] 1#1: worker process 30 exited with code 0
2023/09/11 08:25:01 [notice] 1#1: signal 29 (SIGIO) received
2023/09/11 08:25:01 [notice] 1#1: signal 29 (SIGIO) received
2023/09/11 08:25:01 [notice] 1#1: signal 17 (SIGCHLD) received from 35
2023/09/11 08:25:01 [notice] 1#1: worker process 35 exited with code 0
2023/09/11 08:25:01 [notice] 1#1: worker process 36 exited with code 0
2023/09/11 08:25:01 [notice] 1#1: worker process 34 exited with code 0
2023/09/11 08:25:01 [notice] 1#1: exit
2023/09/11 08:25:09 [warn] 1#1: conflicting server name "" on 0.0.0.0:80, ignored
2023/09/11 08:25:09 [notice] 1#1: using the "epoll" event method
2023/09/11 08:25:09 [notice] 1#1: nginx/1.25.2
2023/09/11 08:25:09 [notice] 1#1: built by gcc 12.2.1 20220924 (Alpine 12.2.1_git20220924-r10) 
2023/09/11 08:25:09 [notice] 1#1: OS: Linux 6.2.0-32-generic
2023/09/11 08:25:09 [notice] 1#1: getrlimit(RLIMIT_NOFILE): 1048576:1048576
2023/09/11 08:25:09 [notice] 1#1: start worker processes
2023/09/11 08:25:09 [notice] 1#1: start worker process 29
2023/09/11 08:25:09 [notice] 1#1: start worker process 30
2023/09/11 08:25:09 [notice] 1#1: start worker process 31
2023/09/11 08:25:09 [notice] 1#1: start worker process 32
2023/09/11 08:25:09 [notice] 1#1: start worker process 33
2023/09/11 08:25:09 [notice] 1#1: start worker process 34
2023/09/11 08:25:09 [notice] 1#1: start worker process 35
2023/09/11 08:25:09 [notice] 1#1: start worker process 36
2023/09/11 08:26:32 [notice] 1#1: signal 3 (SIGQUIT) received, shutting down
2023/09/11 08:26:32 [notice] 29#29: gracefully shutting down
2023/09/11 08:26:32 [notice] 30#30: gracefully shutting down
2023/09/11 08:26:32 [notice] 32#32: gracefully shutting down
2023/09/11 08:26:32 [notice] 31#31: gracefully shutting down
2023/09/11 08:26:32 [notice] 29#29: exiting
2023/09/11 08:26:32 [notice] 30#30: exiting
2023/09/11 08:26:32 [notice] 34#34: gracefully shutting down
2023/09/11 08:26:32 [notice] 32#32: exiting
2023/09/11 08:26:32 [notice] 31#31: exiting
2023/09/11 08:26:32 [notice] 34#34: exiting
2023/09/11 08:26:32 [notice] 32#32: exit
2023/09/11 08:26:32 [notice] 34#34: exit
2023/09/11 08:26:32 [notice] 31#31: exit
2023/09/11 08:26:32 [notice] 30#30: exit
2023/09/11 08:26:32 [notice] 29#29: exit
2023/09/11 08:26:32 [notice] 33#33: gracefully shutting down
2023/09/11 08:26:32 [notice] 33#33: exiting
2023/09/11 08:26:32 [notice] 33#33: exit
2023/09/11 08:26:32 [notice] 36#36: gracefully shutting down
2023/09/11 08:26:32 [notice] 36#36: exiting
2023/09/11 08:26:32 [notice] 36#36: exit
2023/09/11 08:26:32 [notice] 35#35: gracefully shutting down
2023/09/11 08:26:32 [notice] 35#35: exiting
2023/09/11 08:26:32 [notice] 35#35: exit
2023/09/11 08:26:32 [notice] 1#1: signal 17 (SIGCHLD) received from 35
2023/09/11 08:26:32 [notice] 1#1: worker process 31 exited with code 0
2023/09/11 08:26:32 [notice] 1#1: worker process 32 exited with code 0
2023/09/11 08:26:32 [notice] 1#1: worker process 33 exited with code 0
2023/09/11 08:26:32 [notice] 1#1: worker process 35 exited with code 0
2023/09/11 08:26:32 [notice] 1#1: signal 29 (SIGIO) received
2023/09/11 08:26:32 [notice] 1#1: signal 17 (SIGCHLD) received from 34
2023/09/11 08:26:32 [notice] 1#1: worker process 34 exited with code 0
2023/09/11 08:26:32 [notice] 1#1: signal 29 (SIGIO) received
2023/09/11 08:26:32 [notice] 1#1: signal 17 (SIGCHLD) received from 29
2023/09/11 08:26:32 [notice] 1#1: worker process 29 exited with code 0
2023/09/11 08:26:32 [notice] 1#1: worker process 30 exited with code 0
2023/09/11 08:26:32 [notice] 1#1: signal 17 (SIGCHLD) received from 30
2023/09/11 08:26:32 [notice] 1#1: worker process 36 exited with code 0
2023/09/11 08:26:32 [notice] 1#1: exit
2023/09/11 08:27:48 [warn] 1#1: conflicting server name "" on 0.0.0.0:80, ignored
2023/09/11 08:27:48 [notice] 1#1: using the "epoll" event method
2023/09/11 08:27:48 [notice] 1#1: nginx/1.25.2
2023/09/11 08:27:48 [notice] 1#1: built by gcc 12.2.1 20220924 (Alpine 12.2.1_git20220924-r10) 
2023/09/11 08:27:48 [notice] 1#1: OS: Linux 6.2.0-32-generic
2023/09/11 08:27:48 [notice] 1#1: getrlimit(RLIMIT_NOFILE): 1048576:1048576
2023/09/11 08:27:48 [notice] 1#1: start worker processes
2023/09/11 08:27:48 [notice] 1#1: start worker process 29
2023/09/11 08:27:48 [notice] 1#1: start worker process 30
2023/09/11 08:27:48 [notice] 1#1: start worker process 31
2023/09/11 08:27:48 [notice] 1#1: start worker process 32
2023/09/11 08:27:48 [notice] 1#1: start worker process 33
2023/09/11 08:27:48 [notice] 1#1: start worker process 34
2023/09/11 08:27:48 [notice] 1#1: start worker process 35
2023/09/11 08:27:48 [notice] 1#1: start worker process 36
2023/09/11 08:37:25 [notice] 1#1: signal 3 (SIGQUIT) received, shutting down
2023/09/11 08:37:25 [notice] 30#30: gracefully shutting down
2023/09/11 08:37:25 [notice] 31#31: gracefully shutting down
2023/09/11 08:37:25 [notice] 32#32: gracefully shutting down
2023/09/11 08:37:25 [notice] 33#33: gracefully shutting down
2023/09/11 08:37:25 [notice] 35#35: gracefully shutting down
2023/09/11 08:37:25 [notice] 36#36: gracefully shutting down
2023/09/11 08:37:25 [notice] 34#34: gracefully shutting down
2023/09/11 08:37:25 [notice] 30#30: exiting
2023/09/11 08:37:25 [notice] 31#31: exiting
2023/09/11 08:37:25 [notice] 32#32: exiting
2023/09/11 08:37:25 [notice] 35#35: exiting
2023/09/11 08:37:25 [notice] 36#36: exiting
2023/09/11 08:37:25 [notice] 29#29: gracefully shutting down
2023/09/11 08:37:25 [notice] 33#33: exiting
2023/09/11 08:37:25 [notice] 29#29: exiting
2023/09/11 08:37:25 [notice] 34#34: exiting
2023/09/11 08:37:25 [notice] 30#30: exit
2023/09/11 08:37:25 [notice] 29#29: exit
2023/09/11 08:37:25 [notice] 36#36: exit
2023/09/11 08:37:25 [notice] 31#31: exit
2023/09/11 08:37:25 [notice] 35#35: exit
2023/09/11 08:37:25 [notice] 32#32: exit
2023/09/11 08:37:25 [notice] 34#34: exit
2023/09/11 08:37:25 [notice] 33#33: exit
2023/09/11 08:37:25 [notice] 1#1: signal 17 (SIGCHLD) received from 36
2023/09/11 08:37:25 [notice] 1#1: worker process 36 exited with code 0
2023/09/11 08:37:25 [notice] 1#1: signal 29 (SIGIO) received
2023/09/11 08:37:25 [notice] 1#1: signal 17 (SIGCHLD) received from 29
2023/09/11 08:37:25 [notice] 1#1: worker process 29 exited with code 0
2023/09/11 08:37:25 [notice] 1#1: signal 29 (SIGIO) received
2023/09/11 08:37:25 [notice] 1#1: signal 17 (SIGCHLD) received from 30
2023/09/11 08:37:25 [notice] 1#1: worker process 30 exited with code 0
2023/09/11 08:37:25 [notice] 1#1: signal 29 (SIGIO) received
2023/09/11 08:37:25 [notice] 1#1: signal 17 (SIGCHLD) received from 33
2023/09/11 08:37:25 [notice] 1#1: worker process 33 exited with code 0
2023/09/11 08:37:25 [notice] 1#1: worker process 34 exited with code 0
2023/09/11 08:37:25 [notice] 1#1: signal 29 (SIGIO) received
2023/09/11 08:37:25 [notice] 1#1: signal 17 (SIGCHLD) received from 31
2023/09/11 08:37:25 [notice] 1#1: worker process 31 exited with code 0
2023/09/11 08:37:25 [notice] 1#1: signal 29 (SIGIO) received
2023/09/11 08:37:25 [notice] 1#1: signal 17 (SIGCHLD) received from 35
2023/09/11 08:37:25 [notice] 1#1: worker process 35 exited with code 0
2023/09/11 08:37:25 [notice] 1#1: signal 29 (SIGIO) received
2023/09/11 08:37:25 [notice] 1#1: signal 17 (SIGCHLD) received from 32
2023/09/11 08:37:25 [notice] 1#1: worker process 32 exited with code 0
2023/09/11 08:37:25 [notice] 1#1: exit
2023/09/11 08:38:05 [warn] 1#1: conflicting server name "" on 0.0.0.0:80, ignored
2023/09/11 08:38:05 [notice] 1#1: using the "epoll" event method
2023/09/11 08:38:05 [notice] 1#1: nginx/1.25.2
2023/09/11 08:38:05 [notice] 1#1: built by gcc 12.2.1 20220924 (Alpine 12.2.1_git20220924-r10) 
2023/09/11 08:38:05 [notice] 1#1: OS: Linux 6.2.0-32-generic
2023/09/11 08:38:05 [notice] 1#1: getrlimit(RLIMIT_NOFILE): 1048576:1048576
2023/09/11 08:38:05 [notice] 1#1: start worker processes
2023/09/11 08:38:05 [notice] 1#1: start worker process 29
2023/09/11 08:38:05 [notice] 1#1: start worker process 30
2023/09/11 08:38:05 [notice] 1#1: start worker process 31
2023/09/11 08:38:05 [notice] 1#1: start worker process 32
2023/09/11 08:38:05 [notice] 1#1: start worker process 33
2023/09/11 08:38:05 [notice] 1#1: start worker process 34
2023/09/11 08:38:05 [notice] 1#1: start worker process 35
2023/09/11 08:38:05 [notice] 1#1: start worker process 36
2023/09/11 08:40:08 [notice] 1#1: signal 3 (SIGQUIT) received, shutting down
2023/09/11 08:40:08 [notice] 29#29: gracefully shutting down
2023/09/11 08:40:08 [notice] 30#30: gracefully shutting down
2023/09/11 08:40:08 [notice] 31#31: gracefully shutting down
2023/09/11 08:40:08 [notice] 29#29: exiting
2023/09/11 08:40:08 [notice] 33#33: gracefully shutting down
2023/09/11 08:40:08 [notice] 34#34: gracefully shutting down
2023/09/11 08:40:08 [notice] 32#32: gracefully shutting down
2023/09/11 08:40:08 [notice] 31#31: exiting
2023/09/11 08:40:08 [notice] 33#33: exiting
2023/09/11 08:40:08 [notice] 35#35: gracefully shutting down
2023/09/11 08:40:08 [notice] 34#34: exiting
2023/09/11 08:40:08 [notice] 32#32: exiting
2023/09/11 08:40:08 [notice] 35#35: exiting
2023/09/11 08:40:08 [notice] 30#30: exiting
2023/09/11 08:40:08 [notice] 33#33: exit
2023/09/11 08:40:08 [notice] 34#34: exit
2023/09/11 08:40:08 [notice] 29#29: exit
2023/09/11 08:40:08 [notice] 32#32: exit
2023/09/11 08:40:08 [notice] 31#31: exit
2023/09/11 08:40:08 [notice] 35#35: exit
2023/09/11 08:40:08 [notice] 30#30: exit
2023/09/11 08:40:08 [notice] 36#36: gracefully shutting down
2023/09/11 08:40:08 [notice] 36#36: exiting
2023/09/11 08:40:08 [notice] 36#36: exit
2023/09/11 08:40:08 [notice] 1#1: signal 17 (SIGCHLD) received from 31
2023/09/11 08:40:08 [notice] 1#1: worker process 31 exited with code 0
2023/09/11 08:40:08 [notice] 1#1: worker process 35 exited with code 0
2023/09/11 08:40:08 [notice] 1#1: signal 29 (SIGIO) received
2023/09/11 08:40:08 [notice] 1#1: signal 17 (SIGCHLD) received from 35
2023/09/11 08:40:08 [notice] 1#1: signal 17 (SIGCHLD) received from 29
2023/09/11 08:40:08 [notice] 1#1: worker process 29 exited with code 0
2023/09/11 08:40:08 [notice] 1#1: worker process 30 exited with code 0
2023/09/11 08:40:08 [notice] 1#1: worker process 34 exited with code 0
2023/09/11 08:40:08 [notice] 1#1: signal 29 (SIGIO) received
2023/09/11 08:40:08 [notice] 1#1: signal 17 (SIGCHLD) received from 30
2023/09/11 08:40:08 [notice] 1#1: worker process 32 exited with code 0
2023/09/11 08:40:08 [notice] 1#1: signal 29 (SIGIO) received
2023/09/11 08:40:08 [notice] 1#1: signal 17 (SIGCHLD) received from 33
2023/09/11 08:40:08 [notice] 1#1: worker process 33 exited with code 0
2023/09/11 08:40:08 [notice] 1#1: signal 17 (SIGCHLD) received from 36
2023/09/11 08:40:08 [notice] 1#1: worker process 36 exited with code 0
2023/09/11 08:40:08 [notice] 1#1: exit
2023/09/11 08:40:08 [warn] 1#1: conflicting server name "" on 0.0.0.0:80, ignored
2023/09/11 08:40:08 [notice] 1#1: using the "epoll" event method
2023/09/11 08:40:08 [notice] 1#1: nginx/1.25.2
2023/09/11 08:40:08 [notice] 1#1: built by gcc 12.2.1 20220924 (Alpine 12.2.1_git20220924-r10) 
2023/09/11 08:40:08 [notice] 1#1: OS: Linux 6.2.0-32-generic
2023/09/11 08:40:08 [notice] 1#1: getrlimit(RLIMIT_NOFILE): 1048576:1048576
2023/09/11 08:40:08 [notice] 1#1: start worker processes
2023/09/11 08:40:08 [notice] 1#1: start worker process 29
2023/09/11 08:40:08 [notice] 1#1: start worker process 30
2023/09/11 08:40:08 [notice] 1#1: start worker process 31
2023/09/11 08:40:08 [notice] 1#1: start worker process 32
2023/09/11 08:40:08 [notice] 1#1: start worker process 33
2023/09/11 08:40:08 [notice] 1#1: start worker process 34
2023/09/11 08:40:08 [notice] 1#1: start worker process 35
2023/09/11 08:40:08 [notice] 1#1: start worker process 36
2023/09/11 08:40:29 [notice] 1#1: signal 3 (SIGQUIT) received, shutting down
2023/09/11 08:40:29 [notice] 29#29: gracefully shutting down
2023/09/11 08:40:29 [notice] 30#30: gracefully shutting down
2023/09/11 08:40:29 [notice] 30#30: exiting
2023/09/11 08:40:29 [notice] 29#29: exiting
2023/09/11 08:40:29 [notice] 30#30: exit
2023/09/11 08:40:29 [notice] 29#29: exit
2023/09/11 08:40:29 [notice] 31#31: gracefully shutting down
2023/09/11 08:40:29 [notice] 34#34: gracefully shutting down
2023/09/11 08:40:29 [notice] 31#31: exiting
2023/09/11 08:40:29 [notice] 34#34: exiting
2023/09/11 08:40:29 [notice] 32#32: gracefully shutting down
2023/09/11 08:40:29 [notice] 32#32: exiting
2023/09/11 08:40:29 [notice] 34#34: exit
2023/09/11 08:40:29 [notice] 31#31: exit
2023/09/11 08:40:29 [notice] 32#32: exit
2023/09/11 08:40:29 [notice] 35#35: gracefully shutting down
2023/09/11 08:40:29 [notice] 35#35: exiting
2023/09/11 08:40:29 [notice] 35#35: exit
2023/09/11 08:40:29 [notice] 33#33: gracefully shutting down
2023/09/11 08:40:29 [notice] 36#36: gracefully shutting down
2023/09/11 08:40:29 [notice] 33#33: exiting
2023/09/11 08:40:29 [notice] 36#36: exiting
2023/09/11 08:40:29 [notice] 36#36: exit
2023/09/11 08:40:29 [notice] 33#33: exit
2023/09/11 08:40:29 [notice] 1#1: signal 17 (SIGCHLD) received from 35
2023/09/11 08:40:29 [notice] 1#1: worker process 35 exited with code 0
2023/09/11 08:40:29 [notice] 1#1: signal 29 (SIGIO) received
2023/09/11 08:40:29 [notice] 1#1: signal 17 (SIGCHLD) received from 29
2023/09/11 08:40:29 [notice] 1#1: worker process 29 exited with code 0
2023/09/11 08:40:29 [notice] 1#1: signal 29 (SIGIO) received
2023/09/11 08:40:29 [notice] 1#1: signal 17 (SIGCHLD) received from 34
2023/09/11 08:40:29 [notice] 1#1: worker process 34 exited with code 0
2023/09/11 08:40:29 [notice] 1#1: signal 29 (SIGIO) received
2023/09/11 08:40:29 [notice] 1#1: signal 17 (SIGCHLD) received from 30
2023/09/11 08:40:29 [notice] 1#1: worker process 30 exited with code 0
2023/09/11 08:40:29 [notice] 1#1: signal 29 (SIGIO) received
2023/09/11 08:40:29 [notice] 1#1: signal 17 (SIGCHLD) received from 32
2023/09/11 08:40:29 [notice] 1#1: worker process 32 exited with code 0
2023/09/11 08:40:29 [notice] 1#1: signal 29 (SIGIO) received
2023/09/11 08:40:29 [notice] 1#1: signal 17 (SIGCHLD) received from 31
2023/09/11 08:40:29 [notice] 1#1: worker process 31 exited with code 0
2023/09/11 08:40:29 [notice] 1#1: worker process 33 exited with code 0
2023/09/11 08:40:29 [notice] 1#1: signal 29 (SIGIO) received
2023/09/11 08:40:29 [notice] 1#1: signal 17 (SIGCHLD) received from 36
2023/09/11 08:40:29 [notice] 1#1: worker process 36 exited with code 0
2023/09/11 08:40:29 [notice] 1#1: exit
2023/09/11 08:40:34 [warn] 1#1: conflicting server name "" on 0.0.0.0:80, ignored
2023/09/11 08:40:34 [notice] 1#1: using the "epoll" event method
2023/09/11 08:40:34 [notice] 1#1: nginx/1.25.2
2023/09/11 08:40:34 [notice] 1#1: built by gcc 12.2.1 20220924 (Alpine 12.2.1_git20220924-r10) 
2023/09/11 08:40:34 [notice] 1#1: OS: Linux 6.2.0-32-generic
2023/09/11 08:40:34 [notice] 1#1: getrlimit(RLIMIT_NOFILE): 1048576:1048576
2023/09/11 08:40:34 [notice] 1#1: start worker processes
2023/09/11 08:40:34 [notice] 1#1: start worker process 29
2023/09/11 08:40:34 [notice] 1#1: start worker process 30
2023/09/11 08:40:34 [notice] 1#1: start worker process 31
2023/09/11 08:40:34 [notice] 1#1: start worker process 32
2023/09/11 08:40:34 [notice] 1#1: start worker process 33
2023/09/11 08:40:34 [notice] 1#1: start worker process 34
2023/09/11 08:40:34 [notice] 1#1: start worker process 35
2023/09/11 08:40:34 [notice] 1#1: start worker process 36
2023/09/11 08:41:16 [notice] 1#1: signal 3 (SIGQUIT) received, shutting down
2023/09/11 08:41:16 [notice] 29#29: gracefully shutting down
2023/09/11 08:41:16 [notice] 31#31: gracefully shutting down
2023/09/11 08:41:16 [notice] 29#29: exiting
2023/09/11 08:41:16 [notice] 31#31: exiting
2023/09/11 08:41:16 [notice] 30#30: gracefully shutting down
2023/09/11 08:41:16 [notice] 32#32: gracefully shutting down
2023/09/11 08:41:16 [notice] 33#33: gracefully shutting down
2023/09/11 08:41:16 [notice] 32#32: exiting
2023/09/11 08:41:16 [notice] 33#33: exiting
2023/09/11 08:41:16 [notice] 30#30: exiting
2023/09/11 08:41:16 [notice] 29#29: exit
2023/09/11 08:41:16 [notice] 31#31: exit
2023/09/11 08:41:16 [notice] 33#33: exit
2023/09/11 08:41:16 [notice] 30#30: exit
2023/09/11 08:41:16 [notice] 32#32: exit
2023/09/11 08:41:16 [notice] 34#34: gracefully shutting down
2023/09/11 08:41:16 [notice] 34#34: exiting
2023/09/11 08:41:16 [notice] 34#34: exit
2023/09/11 08:41:16 [notice] 36#36: gracefully shutting down
2023/09/11 08:41:16 [notice] 35#35: gracefully shutting down
2023/09/11 08:41:16 [notice] 36#36: exiting
2023/09/11 08:41:16 [notice] 35#35: exiting
2023/09/11 08:41:16 [notice] 36#36: exit
2023/09/11 08:41:16 [notice] 35#35: exit
2023/09/11 08:41:16 [notice] 1#1: signal 17 (SIGCHLD) received from 34
2023/09/11 08:41:16 [notice] 1#1: worker process 29 exited with code 0
2023/09/11 08:41:16 [notice] 1#1: worker process 34 exited with code 0
2023/09/11 08:41:16 [notice] 1#1: signal 29 (SIGIO) received
2023/09/11 08:41:16 [notice] 1#1: signal 17 (SIGCHLD) received from 29
2023/09/11 08:41:16 [notice] 1#1: worker process 30 exited with code 0
2023/09/11 08:41:16 [notice] 1#1: signal 29 (SIGIO) received
2023/09/11 08:41:16 [notice] 1#1: signal 17 (SIGCHLD) received from 36
2023/09/11 08:41:16 [notice] 1#1: worker process 32 exited with code 0
2023/09/11 08:41:16 [notice] 1#1: worker process 33 exited with code 0
2023/09/11 08:41:16 [notice] 1#1: worker process 35 exited with code 0
2023/09/11 08:41:16 [notice] 1#1: worker process 31 exited with code 0
2023/09/11 08:41:16 [notice] 1#1: worker process 36 exited with code 0
2023/09/11 08:41:16 [notice] 1#1: exit
2023/09/11 08:41:20 [warn] 1#1: conflicting server name "" on 0.0.0.0:80, ignored
2023/09/11 08:41:20 [notice] 1#1: using the "epoll" event method
2023/09/11 08:41:20 [notice] 1#1: nginx/1.25.2
2023/09/11 08:41:20 [notice] 1#1: built by gcc 12.2.1 20220924 (Alpine 12.2.1_git20220924-r10) 
2023/09/11 08:41:20 [notice] 1#1: OS: Linux 6.2.0-32-generic
2023/09/11 08:41:20 [notice] 1#1: getrlimit(RLIMIT_NOFILE): 1048576:1048576
2023/09/11 08:41:20 [notice] 1#1: start worker processes
2023/09/11 08:41:20 [notice] 1#1: start worker process 29
2023/09/11 08:41:20 [notice] 1#1: start worker process 30
2023/09/11 08:41:20 [notice] 1#1: start worker process 31
2023/09/11 08:41:20 [notice] 1#1: start worker process 32
2023/09/11 08:41:20 [notice] 1#1: start worker process 33
2023/09/11 08:41:20 [notice] 1#1: start worker process 34
2023/09/11 08:41:20 [notice] 1#1: start worker process 35
2023/09/11 08:41:20 [notice] 1#1: start worker process 36
2023/09/11 08:42:34 [notice] 1#1: signal 3 (SIGQUIT) received, shutting down
2023/09/11 08:42:34 [notice] 30#30: gracefully shutting down
2023/09/11 08:42:34 [notice] 31#31: gracefully shutting down
2023/09/11 08:42:34 [notice] 31#31: exiting
2023/09/11 08:42:34 [notice] 32#32: gracefully shutting down
2023/09/11 08:42:34 [notice] 32#32: exiting
2023/09/11 08:42:34 [notice] 30#30: exiting
2023/09/11 08:42:34 [notice] 32#32: exit
2023/09/11 08:42:34 [notice] 31#31: exit
2023/09/11 08:42:34 [notice] 30#30: exit
2023/09/11 08:42:34 [notice] 33#33: gracefully shutting down
2023/09/11 08:42:34 [notice] 33#33: exiting
2023/09/11 08:42:34 [notice] 33#33: exit
2023/09/11 08:42:34 [notice] 34#34: gracefully shutting down
2023/09/11 08:42:34 [notice] 35#35: gracefully shutting down
2023/09/11 08:42:34 [notice] 34#34: exiting
2023/09/11 08:42:34 [notice] 35#35: exiting
2023/09/11 08:42:34 [notice] 29#29: gracefully shutting down
2023/09/11 08:42:34 [notice] 29#29: exiting
2023/09/11 08:42:34 [notice] 34#34: exit
2023/09/11 08:42:34 [notice] 35#35: exit
2023/09/11 08:42:34 [notice] 29#29: exit
2023/09/11 08:42:34 [notice] 36#36: gracefully shutting down
2023/09/11 08:42:34 [notice] 36#36: exiting
2023/09/11 08:42:34 [notice] 36#36: exit
2023/09/11 08:42:34 [notice] 1#1: signal 17 (SIGCHLD) received from 35
2023/09/11 08:42:34 [notice] 1#1: worker process 32 exited with code 0
2023/09/11 08:42:34 [notice] 1#1: worker process 35 exited with code 0
2023/09/11 08:42:34 [notice] 1#1: worker process 36 exited with code 0
2023/09/11 08:42:34 [notice] 1#1: signal 29 (SIGIO) received
2023/09/11 08:42:34 [notice] 1#1: signal 17 (SIGCHLD) received from 33
2023/09/11 08:42:34 [notice] 1#1: worker process 33 exited with code 0
2023/09/11 08:42:34 [notice] 1#1: signal 29 (SIGIO) received
2023/09/11 08:42:34 [notice] 1#1: signal 17 (SIGCHLD) received from 30
2023/09/11 08:42:34 [notice] 1#1: worker process 29 exited with code 0
2023/09/11 08:42:34 [notice] 1#1: worker process 30 exited with code 0
2023/09/11 08:42:34 [notice] 1#1: worker process 31 exited with code 0
2023/09/11 08:42:34 [notice] 1#1: signal 29 (SIGIO) received
2023/09/11 08:42:34 [notice] 1#1: signal 17 (SIGCHLD) received from 34
2023/09/11 08:42:34 [notice] 1#1: worker process 34 exited with code 0
2023/09/11 08:42:34 [notice] 1#1: exit
2023/09/11 08:42:47 [warn] 1#1: conflicting server name "" on 0.0.0.0:80, ignored
2023/09/11 08:42:47 [notice] 1#1: using the "epoll" event method
2023/09/11 08:42:47 [notice] 1#1: nginx/1.25.2
2023/09/11 08:42:47 [notice] 1#1: built by gcc 12.2.1 20220924 (Alpine 12.2.1_git20220924-r10) 
2023/09/11 08:42:47 [notice] 1#1: OS: Linux 6.2.0-32-generic
2023/09/11 08:42:47 [notice] 1#1: getrlimit(RLIMIT_NOFILE): 1048576:1048576
2023/09/11 08:42:47 [notice] 1#1: start worker processes
2023/09/11 08:42:47 [notice] 1#1: start worker process 29
2023/09/11 08:42:47 [notice] 1#1: start worker process 30
2023/09/11 08:42:47 [notice] 1#1: start worker process 31
2023/09/11 08:42:47 [notice] 1#1: start worker process 32
2023/09/11 08:42:47 [notice] 1#1: start worker process 33
2023/09/11 08:42:47 [notice] 1#1: start worker process 34
2023/09/11 08:42:47 [notice] 1#1: start worker process 35
2023/09/11 08:42:47 [notice] 1#1: start worker process 36
2023/09/11 08:43:44 [notice] 1#1: signal 3 (SIGQUIT) received, shutting down
2023/09/11 08:43:44 [notice] 31#31: gracefully shutting down
2023/09/11 08:43:44 [notice] 29#29: gracefully shutting down
2023/09/11 08:43:44 [notice] 30#30: gracefully shutting down
2023/09/11 08:43:44 [notice] 32#32: gracefully shutting down
2023/09/11 08:43:44 [notice] 34#34: gracefully shutting down
2023/09/11 08:43:44 [notice] 34#34: exiting
2023/09/11 08:43:44 [notice] 35#35: gracefully shutting down
2023/09/11 08:43:44 [notice] 33#33: gracefully shutting down
2023/09/11 08:43:44 [notice] 35#35: exiting
2023/09/11 08:43:44 [notice] 31#31: exiting
2023/09/11 08:43:44 [notice] 32#32: exiting
2023/09/11 08:43:44 [notice] 33#33: exiting
2023/09/11 08:43:44 [notice] 36#36: gracefully shutting down
2023/09/11 08:43:44 [notice] 36#36: exiting
2023/09/11 08:43:44 [notice] 30#30: exiting
2023/09/11 08:43:44 [notice] 29#29: exiting
2023/09/11 08:43:44 [notice] 31#31: exit
2023/09/11 08:43:44 [notice] 33#33: exit
2023/09/11 08:43:44 [notice] 30#30: exit
2023/09/11 08:43:44 [notice] 32#32: exit
2023/09/11 08:43:44 [notice] 36#36: exit
2023/09/11 08:43:44 [notice] 35#35: exit
2023/09/11 08:43:44 [notice] 29#29: exit
2023/09/11 08:43:44 [notice] 34#34: exit
2023/09/11 08:43:44 [notice] 1#1: signal 17 (SIGCHLD) received from 33
2023/09/11 08:43:44 [notice] 1#1: worker process 33 exited with code 0
2023/09/11 08:43:44 [notice] 1#1: signal 29 (SIGIO) received
2023/09/11 08:43:44 [notice] 1#1: signal 17 (SIGCHLD) received from 30
2023/09/11 08:43:44 [notice] 1#1: worker process 30 exited with code 0
2023/09/11 08:43:44 [notice] 1#1: signal 29 (SIGIO) received
2023/09/11 08:43:44 [notice] 1#1: signal 17 (SIGCHLD) received from 32
2023/09/11 08:43:44 [notice] 1#1: worker process 31 exited with code 0
2023/09/11 08:43:44 [notice] 1#1: worker process 32 exited with code 0
2023/09/11 08:43:44 [notice] 1#1: signal 29 (SIGIO) received
2023/09/11 08:43:44 [notice] 1#1: signal 17 (SIGCHLD) received from 36
2023/09/11 08:43:44 [notice] 1#1: worker process 36 exited with code 0
2023/09/11 08:43:44 [notice] 1#1: signal 29 (SIGIO) received
2023/09/11 08:43:44 [notice] 1#1: signal 17 (SIGCHLD) received from 35
2023/09/11 08:43:44 [notice] 1#1: worker process 35 exited with code 0
2023/09/11 08:43:44 [notice] 1#1: signal 29 (SIGIO) received
2023/09/11 08:43:44 [notice] 1#1: signal 17 (SIGCHLD) received from 29
2023/09/11 08:43:44 [notice] 1#1: worker process 29 exited with code 0
2023/09/11 08:43:44 [notice] 1#1: signal 29 (SIGIO) received
2023/09/11 08:43:44 [notice] 1#1: signal 17 (SIGCHLD) received from 34
2023/09/11 08:43:44 [notice] 1#1: worker process 34 exited with code 0
2023/09/11 08:43:44 [notice] 1#1: exit
2023/09/11 08:43:55 [warn] 1#1: conflicting server name "" on 0.0.0.0:80, ignored
2023/09/11 08:43:55 [notice] 1#1: using the "epoll" event method
2023/09/11 08:43:55 [notice] 1#1: nginx/1.25.2
2023/09/11 08:43:55 [notice] 1#1: built by gcc 12.2.1 20220924 (Alpine 12.2.1_git20220924-r10) 
2023/09/11 08:43:55 [notice] 1#1: OS: Linux 6.2.0-32-generic
2023/09/11 08:43:55 [notice] 1#1: getrlimit(RLIMIT_NOFILE): 1048576:1048576
2023/09/11 08:43:55 [notice] 1#1: start worker processes
2023/09/11 08:43:55 [notice] 1#1: start worker process 29
2023/09/11 08:43:55 [notice] 1#1: start worker process 30
2023/09/11 08:43:55 [notice] 1#1: start worker process 31
2023/09/11 08:43:55 [notice] 1#1: start worker process 32
2023/09/11 08:43:55 [notice] 1#1: start worker process 33
2023/09/11 08:43:55 [notice] 1#1: start worker process 34
2023/09/11 08:43:55 [notice] 1#1: start worker process 35
2023/09/11 08:43:55 [notice] 1#1: start worker process 36
2023/09/11 08:45:54 [notice] 1#1: signal 3 (SIGQUIT) received, shutting down
2023/09/11 08:45:54 [notice] 29#29: gracefully shutting down
2023/09/11 08:45:54 [notice] 30#30: gracefully shutting down
2023/09/11 08:45:54 [notice] 29#29: exiting
2023/09/11 08:45:54 [notice] 30#30: exiting
2023/09/11 08:45:54 [notice] 35#35: gracefully shutting down
2023/09/11 08:45:54 [notice] 32#32: gracefully shutting down
2023/09/11 08:45:54 [notice] 35#35: exiting
2023/09/11 08:45:54 [notice] 32#32: exiting
2023/09/11 08:45:54 [notice] 29#29: exit
2023/09/11 08:45:54 [notice] 35#35: exit
2023/09/11 08:45:54 [notice] 30#30: exit
2023/09/11 08:45:54 [notice] 32#32: exit
2023/09/11 08:45:54 [notice] 33#33: gracefully shutting down
2023/09/11 08:45:54 [notice] 33#33: exiting
2023/09/11 08:45:54 [notice] 33#33: exit
2023/09/11 08:45:54 [notice] 34#34: gracefully shutting down
2023/09/11 08:45:54 [notice] 34#34: exiting
2023/09/11 08:45:54 [notice] 34#34: exit
2023/09/11 08:45:54 [notice] 36#36: gracefully shutting down
2023/09/11 08:45:54 [notice] 36#36: exiting
2023/09/11 08:45:54 [notice] 36#36: exit
2023/09/11 08:45:54 [notice] 31#31: gracefully shutting down
2023/09/11 08:45:54 [notice] 31#31: exiting
2023/09/11 08:45:54 [notice] 31#31: exit
2023/09/11 08:45:54 [notice] 1#1: signal 17 (SIGCHLD) received from 35
2023/09/11 08:45:54 [notice] 1#1: worker process 30 exited with code 0
2023/09/11 08:45:54 [notice] 1#1: worker process 31 exited with code 0
2023/09/11 08:45:54 [notice] 1#1: worker process 35 exited with code 0
2023/09/11 08:45:54 [notice] 1#1: signal 29 (SIGIO) received
2023/09/11 08:45:54 [notice] 1#1: signal 17 (SIGCHLD) received from 36
2023/09/11 08:45:54 [notice] 1#1: worker process 36 exited with code 0
2023/09/11 08:45:54 [notice] 1#1: signal 29 (SIGIO) received
2023/09/11 08:45:54 [notice] 1#1: signal 17 (SIGCHLD) received from 29
2023/09/11 08:45:54 [notice] 1#1: worker process 29 exited with code 0
2023/09/11 08:45:54 [notice] 1#1: worker process 33 exited with code 0
2023/09/11 08:45:54 [notice] 1#1: signal 29 (SIGIO) received
2023/09/11 08:45:54 [notice] 1#1: signal 17 (SIGCHLD) received from 32
2023/09/11 08:45:54 [notice] 1#1: worker process 32 exited with code 0
2023/09/11 08:45:54 [notice] 1#1: signal 17 (SIGCHLD) received from 34
2023/09/11 08:45:54 [notice] 1#1: worker process 34 exited with code 0
2023/09/11 08:45:54 [notice] 1#1: exit
